{"uuid":"2a116273-06ee-4a33-9c70-976a6fd44107","historyId":"610ce502ae1f8de8de4a49784acc2063","fullName":"quangtester.com.testcase.LoginTest.fullLuong","labels":[{"name":"package","value":"quangtester.com.testcase.LoginTest"},{"name":"testClass","value":"quangtester.com.testcase.LoginTest"},{"name":"testMethod","value":"fullLuong"},{"name":"parentSuite","value":"Default Suite"},{"name":"suite","value":"FinalProject"},{"name":"subSuite","value":"quangtester.com.testcase.LoginTest"},{"name":"host","value":"LAPTOP-ST7V6JOG"},{"name":"thread","value":"8584@LAPTOP-ST7V6JOG.main(1)"},{"name":"framework","value":"testng"},{"name":"language","value":"java"}],"links":[],"name":"fullLuong","status":"broken","statusDetails":{"known":false,"muted":false,"flaky":false,"message":"Cannot invoke \"com.aventstack.extentreports.ExtentTest.log(com.aventstack.extentreports.Status, String)\" because the return value of \"quangtester.com.reports.ExtentReport.ExtentTestManager.getTest()\" is null","trace":"java.lang.NullPointerException: Cannot invoke \"com.aventstack.extentreports.ExtentTest.log(com.aventstack.extentreports.Status, String)\" because the return value of \"quangtester.com.reports.ExtentReport.ExtentTestManager.getTest()\" is null\r\n\tat quangtester.com.reports.ExtentReport.ExtentTestManager.logMessage(ExtentTestManager.java:55)\r\n\tat quangtester.com.keywords.WebUI.openURL(WebUI.java:83)\r\n\tat quangtester.com.pages.LoginPage.loginSuccess(LoginPage.java:69)\r\n\tat quangtester.com.testcase.LoginTest.loginTestSuccess(LoginTest.java:34)\r\n\tat quangtester.com.testcase.LoginTest.fullLuong(LoginTest.java:58)\r\n\tat java.base/jdk.internal.reflect.NativeMethodAccessorImpl.invoke0(Native Method)\r\n\tat java.base/jdk.internal.reflect.NativeMethodAccessorImpl.invoke(NativeMethodAccessorImpl.java:64)\r\n\tat java.base/jdk.internal.reflect.DelegatingMethodAccessorImpl.invoke(DelegatingMethodAccessorImpl.java:43)\r\n\tat java.base/java.lang.reflect.Method.invoke(Method.java:564)\r\n\tat org.testng.internal.invokers.MethodInvocationHelper.invokeMethod(MethodInvocationHelper.java:139)\r\n\tat org.testng.internal.invokers.TestInvoker.invokeMethod(TestInvoker.java:664)\r\n\tat org.testng.internal.invokers.TestInvoker.invokeTestMethod(TestInvoker.java:227)\r\n\tat org.testng.internal.invokers.MethodRunner.runInSequence(MethodRunner.java:50)\r\n\tat org.testng.internal.invokers.TestInvoker$MethodInvocationAgent.invoke(TestInvoker.java:957)\r\n\tat org.testng.internal.invokers.TestInvoker.invokeTestMethods(TestInvoker.java:200)\r\n\tat org.testng.internal.invokers.TestMethodWorker.invokeTestMethods(TestMethodWorker.java:148)\r\n\tat org.testng.internal.invokers.TestMethodWorker.run(TestMethodWorker.java:128)\r\n\tat java.base/java.util.ArrayList.forEach(ArrayList.java:1511)\r\n\tat org.testng.TestRunner.privateRun(TestRunner.java:848)\r\n\tat org.testng.TestRunner.run(TestRunner.java:621)\r\n\tat org.testng.SuiteRunner.runTest(SuiteRunner.java:443)\r\n\tat org.testng.SuiteRunner.runSequentially(SuiteRunner.java:437)\r\n\tat org.testng.SuiteRunner.privateRun(SuiteRunner.java:397)\r\n\tat org.testng.SuiteRunner.run(SuiteRunner.java:336)\r\n\tat org.testng.SuiteRunnerWorker.runSuite(SuiteRunnerWorker.java:52)\r\n\tat org.testng.SuiteRunnerWorker.run(SuiteRunnerWorker.java:95)\r\n\tat org.testng.TestNG.runSuitesSequentially(TestNG.java:1280)\r\n\tat org.testng.TestNG.runSuitesLocally(TestNG.java:1200)\r\n\tat org.testng.TestNG.runSuites(TestNG.java:1114)\r\n\tat org.testng.TestNG.run(TestNG.java:1082)\r\n\tat com.intellij.rt.testng.IDEARemoteTestNG.run(IDEARemoteTestNG.java:66)\r\n\tat com.intellij.rt.testng.RemoteTestNGStarter.main(RemoteTestNGStarter.java:109)\r\n"},"stage":"finished","steps":[{"name":"Open URL https://crm.anhtester.com/admin/authentication","status":"broken","statusDetails":{"known":false,"muted":false,"flaky":false,"message":"Cannot invoke \"com.aventstack.extentreports.ExtentTest.log(com.aventstack.extentreports.Status, String)\" because the return value of \"quangtester.com.reports.ExtentReport.ExtentTestManager.getTest()\" is null","trace":"java.lang.NullPointerException: Cannot invoke \"com.aventstack.extentreports.ExtentTest.log(com.aventstack.extentreports.Status, String)\" because the return value of \"quangtester.com.reports.ExtentReport.ExtentTestManager.getTest()\" is null\r\n\tat quangtester.com.reports.ExtentReport.ExtentTestManager.logMessage(ExtentTestManager.java:55)\r\n\tat quangtester.com.keywords.WebUI.openURL(WebUI.java:83)\r\n\tat quangtester.com.pages.LoginPage.loginSuccess(LoginPage.java:69)\r\n\tat quangtester.com.testcase.LoginTest.loginTestSuccess(LoginTest.java:34)\r\n\tat quangtester.com.testcase.LoginTest.fullLuong(LoginTest.java:58)\r\n\tat java.base/jdk.internal.reflect.NativeMethodAccessorImpl.invoke0(Native Method)\r\n\tat java.base/jdk.internal.reflect.NativeMethodAccessorImpl.invoke(NativeMethodAccessorImpl.java:64)\r\n\tat java.base/jdk.internal.reflect.DelegatingMethodAccessorImpl.invoke(DelegatingMethodAccessorImpl.java:43)\r\n\tat java.base/java.lang.reflect.Method.invoke(Method.java:564)\r\n\tat org.testng.internal.invokers.MethodInvocationHelper.invokeMethod(MethodInvocationHelper.java:139)\r\n\tat org.testng.internal.invokers.TestInvoker.invokeMethod(TestInvoker.java:664)\r\n\tat org.testng.internal.invokers.TestInvoker.invokeTestMethod(TestInvoker.java:227)\r\n\tat org.testng.internal.invokers.MethodRunner.runInSequence(MethodRunner.java:50)\r\n\tat org.testng.internal.invokers.TestInvoker$MethodInvocationAgent.invoke(TestInvoker.java:957)\r\n\tat org.testng.internal.invokers.TestInvoker.invokeTestMethods(TestInvoker.java:200)\r\n\tat org.testng.internal.invokers.TestMethodWorker.invokeTestMethods(TestMethodWorker.java:148)\r\n\tat org.testng.internal.invokers.TestMethodWorker.run(TestMethodWorker.java:128)\r\n\tat java.base/java.util.ArrayList.forEach(ArrayList.java:1511)\r\n\tat org.testng.TestRunner.privateRun(TestRunner.java:848)\r\n\tat org.testng.TestRunner.run(TestRunner.java:621)\r\n\tat org.testng.SuiteRunner.runTest(SuiteRunner.java:443)\r\n\tat org.testng.SuiteRunner.runSequentially(SuiteRunner.java:437)\r\n\tat org.testng.SuiteRunner.privateRun(SuiteRunner.java:397)\r\n\tat org.testng.SuiteRunner.run(SuiteRunner.java:336)\r\n\tat org.testng.SuiteRunnerWorker.runSuite(SuiteRunnerWorker.java:52)\r\n\tat org.testng.SuiteRunnerWorker.run(SuiteRunnerWorker.java:95)\r\n\tat org.testng.TestNG.runSuitesSequentially(TestNG.java:1280)\r\n\tat org.testng.TestNG.runSuitesLocally(TestNG.java:1200)\r\n\tat org.testng.TestNG.runSuites(TestNG.java:1114)\r\n\tat org.testng.TestNG.run(TestNG.java:1082)\r\n\tat com.intellij.rt.testng.IDEARemoteTestNG.run(IDEARemoteTestNG.java:66)\r\n\tat com.intellij.rt.testng.RemoteTestNGStarter.main(RemoteTestNGStarter.java:109)\r\n"},"stage":"finished","steps":[],"attachments":[],"parameters":[{"name":"URL","value":"https://crm.anhtester.com/admin/authentication"}],"start":1690099283529,"stop":1690099284501}],"attachments":[],"parameters":[],"start":1690099283442,"stop":1690099284504}